Using pre-set license
Built from '2021.3/staging' branch; Version is '2021.3.14f1 (eee1884e7226) revision 15655304'; Using compiler version '192829333'; Build Type 'Release'
OS: 'Windows 10  (10.0.19045) 64bit EnterpriseN' Language: 'en' Physical Memory: 32678 MB
BatchMode: 1, IsHumanControllingUs: 0, StartBugReporterOnCrash: 0, Is64bit: 1, IsPro: 1

COMMAND LINE ARGUMENTS:
C:\Program Files\Unity 2021.3.14f1\Editor\Unity.exe
-adb2
-batchMode
-noUpm
-name
AssetImportWorker368
-projectPath
S:/XR/Ex1_Tag
-logFile
Logs/AssetImportWorker368.log
-srvPort
51530
Successfully changed project path to: S:/XR/Ex1_Tag
S:/XR/Ex1_Tag
[UnityMemory] Configuration Parameters - Can be set up in boot.config
    "memorysetup-bucket-allocator-granularity=16"
    "memorysetup-bucket-allocator-bucket-count=8"
    "memorysetup-bucket-allocator-block-size=33554432"
    "memorysetup-bucket-allocator-block-count=8"
    "memorysetup-main-allocator-block-size=16777216"
    "memorysetup-thread-allocator-block-size=16777216"
    "memorysetup-gfx-main-allocator-block-size=16777216"
    "memorysetup-gfx-thread-allocator-block-size=16777216"
    "memorysetup-cache-allocator-block-size=4194304"
    "memorysetup-typetree-allocator-block-size=2097152"
    "memorysetup-profiler-bucket-allocator-granularity=16"
    "memorysetup-profiler-bucket-allocator-bucket-count=8"
    "memorysetup-profiler-bucket-allocator-block-size=33554432"
    "memorysetup-profiler-bucket-allocator-block-count=8"
    "memorysetup-profiler-allocator-block-size=16777216"
    "memorysetup-profiler-editor-allocator-block-size=1048576"
    "memorysetup-temp-allocator-size-main=16777216"
    "memorysetup-job-temp-allocator-block-size=2097152"
    "memorysetup-job-temp-allocator-block-size-background=1048576"
    "memorysetup-job-temp-allocator-reduction-small-platforms=262144"
    "memorysetup-temp-allocator-size-background-worker=32768"
    "memorysetup-temp-allocator-size-job-worker=262144"
    "memorysetup-temp-allocator-size-preload-manager=33554432"
    "memorysetup-temp-allocator-size-nav-mesh-worker=65536"
    "memorysetup-temp-allocator-size-audio-worker=65536"
    "memorysetup-temp-allocator-size-cloud-worker=32768"
    "memorysetup-temp-allocator-size-gi-baking-worker=262144"
    "memorysetup-temp-allocator-size-gfx=262144"
mdb reader table full -> cleaning up stale readers. Current readers:
    pid     thread     txnid
     13368 7a8 -
      9420 31d8 -
     13368 182c -
     13368 1028 -
      4068 479c -
      7160 1f90 -
     14556 35c -
     16292 36d0 -
     15780 426c -
     15192 3978 -
      3068 1f30 -
      2028 3d08 -
     18476 4288 -
      8848 4758 -
     18992 304c -
     18268 3078 -
     14452 3538 -
     11112 48f0 -
      4856 1820 -
      6860 1c90 -
      3256 b68 -
      2648 49c0 -
      3668 165c -
     10224 166c -
     12172 43d4 -
     14884 3584 -
     15880 4a70 -
      9412 3ee0 -
     19348 7b8 -
     14748 4a90 -
      6492 4294 -
     18852 1174 -
      6620 4978 -
     16312 2b78 -
     19280 2ee0 -
     17468 1d84 -
     16684 25a8 -
     14396 39cc -
     11488 49b8 -
     16172 1dc4 -
     14272 393c -
      9856 2fc8 -
      5324 4788 -
      8264 2ea4 -
     14848 2280 -
     17488 3d98 -
     14184 47c -
     13064 4c8 -
      3704 3404 -
     11740 4a94 -
      6116 1a54 -
      2632 1c8c -
     14228 38b4 -
      1380 4244 -
      6416 1d0c -
     13900 3a20 -
      4764 2e18 -
     15760 10a8 -
     17324 180c -
     13544 1a6c -
     16524 3ae8 -
     18936 3458 -
      2128 2890 -
     15584 3d28 -
      3496 2758 -
     19812 4d74 -
     19748 4d1c -
     20600 507c -
     20560 5054 -
     21480 53ec -
     21440 53c4 -
     21208 5310 -
     21172 52b0 -
     21112 527c -
     21236 52f8 -
     15844 4850 -
     20116 430c -
     20468 4e84 -
     21044 523c -
     21216 52dc -
     15480 3878 -
     22524 5414 -
     22304 571c -
     21672 539c -
     21756 52d4 -
     10252 5530 -
     19984 4cd4 -
     21932 4e90 -
     21676 5374 -
     21844 4c3c -
     20368 4d20 -
      3084 5114 -
     21860 3d58 -
     20028 4f5c -
     20444 4e28 -
      9768 100c -
     19300 5620 -
     15928 54f4 -
     20536 4ca0 -
     22008 2d1c -
     21832 2eac -
     21648 557c -
     22216 3f5c -
     16460 54c0 -
      8696 4e40 -
     20984 4bf8 -
     22080 2e8c -
     21616 42cc -
     20520 5228 -
     18096 5630 -
     15300 4ce4 -
     20596 4a78 -
     12968 13b4 -
      8480 1c88 -
     20484 5264 -
     21916 cdc -
     20884 5730 -
     12664 5180 -
     19500 5314 -
     21944 4f50 -
     13360 1068 -
     19996 4d98 -
      5404 51dc -
     17472 4db0 -
      8244 5a4 -
     18876 504c -
Cleaned out 122 stale readers
Refreshing native plugins compatible for Editor in 113.39 ms, found 3 plugins.
Preloading 0 native plugins for Editor in 0.00 ms.
Initialize engine version: 2021.3.14f1 (eee1884e7226)
[Subsystems] Discovering subsystems at path C:/Program Files/Unity 2021.3.14f1/Editor/Data/Resources/UnitySubsystems
[Subsystems] Discovering subsystems at path S:/XR/Ex1_Tag/Assets
GfxDevice: creating device client; threaded=0; jobified=0
Direct3D:
    Version:  Direct3D 11.0 [level 11.1]
    Renderer: NVIDIA GeForce GTX 1080 (ID=0x1b80)
    Vendor:   NVIDIA
    VRAM:     8079 MB
    Driver:   31.0.15.1694
Initialize mono
Mono path[0] = 'C:/Program Files/Unity 2021.3.14f1/Editor/Data/Managed'
Mono path[1] = 'C:/Program Files/Unity 2021.3.14f1/Editor/Data/MonoBleedingEdge/lib/mono/unityjit-win32'
Mono config path = 'C:/Program Files/Unity 2021.3.14f1/Editor/Data/MonoBleedingEdge/etc'
Using monoOptions --debugger-agent=transport=dt_socket,embedding=1,server=y,suspend=n,address=127.0.0.1:56776
Begin MonoManager ReloadAssembly
Registering precompiled unity dll's ...
Register platform support module: C:/Program Files/Unity 2021.3.14f1/Editor/Data/PlaybackEngines/WindowsStandaloneSupport/UnityEditor.WindowsStandalone.Extensions.dll
Registered in 0.013250 seconds.
Native extension for WindowsStandalone target not found
Refreshing native plugins compatible for Editor in 97.72 ms, found 3 plugins.
Preloading 0 native plugins for Editor in 0.00 ms.
Mono: successfully reloaded assembly
- Completed reload, in  0.770 seconds
Domain Reload Profiling:
	ReloadAssembly (770ms)
		BeginReloadAssembly (92ms)
			ExecutionOrderSort (0ms)
			DisableScriptedObjects (0ms)
			BackupInstance (0ms)
			ReleaseScriptingObjects (0ms)
			CreateAndSetChildDomain (1ms)
		EndReloadAssembly (546ms)
			LoadAssemblies (90ms)
			RebuildTransferFunctionScriptingTraits (0ms)
			SetupTypeCache (121ms)
			ReleaseScriptCaches (0ms)
			RebuildScriptCaches (30ms)
			SetupLoadedEditorAssemblies (330ms)
				LogAssemblyErrors (0ms)
				InitializePlatformSupportModulesInManaged (8ms)
				SetLoadedEditorAssemblies (0ms)
				RefreshPlugins (98ms)
				BeforeProcessingInitializeOnLoad (1ms)
				ProcessInitializeOnLoadAttributes (155ms)
				ProcessInitializeOnLoadMethodAttributes (67ms)
				AfterProcessingInitializeOnLoad (0ms)
				EditorAssembliesLoaded (0ms)
			ExecutionOrderSort2 (0ms)
			AwakeInstancesAfterBackupRestoration (0ms)
Platform modules already initialized, skipping
Registering precompiled user dll's ...
Registered in 1.551254 seconds.
