Using pre-set license
Built from '2021.3/staging' branch; Version is '2021.3.14f1 (eee1884e7226) revision 15655304'; Using compiler version '192829333'; Build Type 'Release'
OS: 'Windows 10  (10.0.19045) 64bit EnterpriseN' Language: 'en' Physical Memory: 32678 MB
BatchMode: 1, IsHumanControllingUs: 0, StartBugReporterOnCrash: 0, Is64bit: 1, IsPro: 1

COMMAND LINE ARGUMENTS:
C:\Program Files\Unity 2021.3.14f1\Editor\Unity.exe
-adb2
-batchMode
-noUpm
-name
AssetImportWorker249
-projectPath
S:/XR/Ex1_Tag
-logFile
Logs/AssetImportWorker249.log
-srvPort
51530
Successfully changed project path to: S:/XR/Ex1_Tag
S:/XR/Ex1_Tag
[UnityMemory] Configuration Parameters - Can be set up in boot.config
    "memorysetup-bucket-allocator-granularity=16"
    "memorysetup-bucket-allocator-bucket-count=8"
    "memorysetup-bucket-allocator-block-size=33554432"
    "memorysetup-bucket-allocator-block-count=8"
    "memorysetup-main-allocator-block-size=16777216"
    "memorysetup-thread-allocator-block-size=16777216"
    "memorysetup-gfx-main-allocator-block-size=16777216"
    "memorysetup-gfx-thread-allocator-block-size=16777216"
    "memorysetup-cache-allocator-block-size=4194304"
    "memorysetup-typetree-allocator-block-size=2097152"
    "memorysetup-profiler-bucket-allocator-granularity=16"
    "memorysetup-profiler-bucket-allocator-bucket-count=8"
    "memorysetup-profiler-bucket-allocator-block-size=33554432"
    "memorysetup-profiler-bucket-allocator-block-count=8"
    "memorysetup-profiler-allocator-block-size=16777216"
    "memorysetup-profiler-editor-allocator-block-size=1048576"
    "memorysetup-temp-allocator-size-main=16777216"
    "memorysetup-job-temp-allocator-block-size=2097152"
    "memorysetup-job-temp-allocator-block-size-background=1048576"
    "memorysetup-job-temp-allocator-reduction-small-platforms=262144"
    "memorysetup-temp-allocator-size-background-worker=32768"
    "memorysetup-temp-allocator-size-job-worker=262144"
    "memorysetup-temp-allocator-size-preload-manager=33554432"
    "memorysetup-temp-allocator-size-nav-mesh-worker=65536"
    "memorysetup-temp-allocator-size-audio-worker=65536"
    "memorysetup-temp-allocator-size-cloud-worker=32768"
    "memorysetup-temp-allocator-size-gi-baking-worker=262144"
    "memorysetup-temp-allocator-size-gfx=262144"
mdb reader table full -> cleaning up stale readers. Current readers:
    pid     thread     txnid
     13368 7a8 -
     15640 3608 -
     15476 21ec -
     15404 8b4 -
      5096 333c -
     15316 20e4 -
      3524 1474 -
     17428 3ba4 -
     12176 1600 -
      4056 4b48 -
     13952 3484 -
      3924 42a0 -
     16992 4898 -
      9316 c94 -
     14072 4b14 -
     14152 4b8c -
     13628 369c -
      3852 3fb0 -
     16132 38b0 -
     18364 18a0 -
     16604 2c98 -
     15728 1234 -
     16048 2aa0 -
     17516 427c -
      2144 46fc -
      3252 24d4 -
     11864 3464 -
      7184 3a28 -
     17908 24b4 -
      1420 132c -
     14960 39a0 -
     18848 2258 -
     13108 33c8 -
     16168 3f98 -
     19256 2538 -
      7076 4ac8 -
     17572 4bf4 -
     11172 3c70 -
     18080 44fc -
     16508 1098 -
     10444 3364 -
     13148 43c4 -
     12212 1f88 -
      3680 46ec -
     16892 2224 -
     10804 44bc -
     19408 16c4 -
     12780 1da4 -
     11784 3254 -
     13268 3d68 -
     13924 aa0 -
     18912 497c -
     17632 44ec -
      4728 20f4 -
      4220 3e50 -
     10884 414c -
     15172 4140 -
      8820 3c88 -
      8816 3674 -
     17996 454c -
     16156 1914 -
     13708 3d54 -
      8388 3ac0 -
      6504 47f4 -
     17620 47d4 -
      4796 47ac -
     15188 2898 -
      2540 1840 -
     17260 888 -
     14376 39d0 -
      4156 3598 -
     14388 38e8 -
     16148 3560 -
     16876 4b7c -
     13536 4a74 -
      4820 4968 -
     19412 183c -
     17836 e3c -
      3476 3a30 -
     17300 2d8c -
     11204 324c -
     10936 2a70 -
      4496 4afc -
     14864 43d8 -
      1668 290 -
     19368 2458 -
      1300 414 -
     13564 3c14 -
     17492 3138 -
     17736 f2c -
      6456 43f4 -
     11960 38d8 -
     18484 25f0 -
     15324 3844 -
      5700 4ab0 -
     15208 a04 -
      8248 24e4 -
     12560 2e90 -
      4412 3008 -
     14788 4bdc -
     11688 14a8 -
     15072 284 -
      8440 469c -
     13600 4ab8 -
     14164 1970 -
     16768 2918 -
     15140 4818 -
     17504 28e0 -
     15732 3c0c -
      3864 3c24 -
     14780 2304 -
     12060 42c -
     12508 24c8 -
      3324 2428 -
      8468 4498 -
     12012 2af4 -
       916 41c0 -
     10688 375c -
      7652 4900 -
      7064 3e8c -
     16512 1274 -
      9420 31d8 -
      4068 479c -
      7160 1f90 -
     14556 35c -
      3548 4224 -
Cleaned out 0 stale readers
Refreshing native plugins compatible for Editor in 106.15 ms, found 3 plugins.
Preloading 0 native plugins for Editor in 0.00 ms.
Initialize engine version: 2021.3.14f1 (eee1884e7226)
[Subsystems] Discovering subsystems at path C:/Program Files/Unity 2021.3.14f1/Editor/Data/Resources/UnitySubsystems
[Subsystems] Discovering subsystems at path S:/XR/Ex1_Tag/Assets
GfxDevice: creating device client; threaded=0; jobified=0
Direct3D:
    Version:  Direct3D 11.0 [level 11.1]
    Renderer: NVIDIA GeForce GTX 1080 (ID=0x1b80)
    Vendor:   NVIDIA
    VRAM:     8079 MB
    Driver:   31.0.15.1694
Initialize mono
Mono path[0] = 'C:/Program Files/Unity 2021.3.14f1/Editor/Data/Managed'
Mono path[1] = 'C:/Program Files/Unity 2021.3.14f1/Editor/Data/MonoBleedingEdge/lib/mono/unityjit-win32'
Mono config path = 'C:/Program Files/Unity 2021.3.14f1/Editor/Data/MonoBleedingEdge/etc'
Using monoOptions --debugger-agent=transport=dt_socket,embedding=1,server=y,suspend=n,address=127.0.0.1:56780
Begin MonoManager ReloadAssembly
Registering precompiled unity dll's ...
Register platform support module: C:/Program Files/Unity 2021.3.14f1/Editor/Data/PlaybackEngines/WindowsStandaloneSupport/UnityEditor.WindowsStandalone.Extensions.dll
Registered in 0.006859 seconds.
Native extension for WindowsStandalone target not found
Refreshing native plugins compatible for Editor in 103.07 ms, found 3 plugins.
Preloading 0 native plugins for Editor in 0.00 ms.
Mono: successfully reloaded assembly
- Completed reload, in  0.744 seconds
Domain Reload Profiling:
	ReloadAssembly (744ms)
		BeginReloadAssembly (89ms)
			ExecutionOrderSort (0ms)
			DisableScriptedObjects (0ms)
			BackupInstance (0ms)
			ReleaseScriptingObjects (0ms)
			CreateAndSetChildDomain (1ms)
		EndReloadAssembly (536ms)
			LoadAssemblies (86ms)
			RebuildTransferFunctionScriptingTraits (0ms)
			SetupTypeCache (117ms)
			ReleaseScriptCaches (0ms)
			RebuildScriptCaches (30ms)
			SetupLoadedEditorAssemblies (330ms)
				LogAssemblyErrors (0ms)
				InitializePlatformSupportModulesInManaged (8ms)
				SetLoadedEditorAssemblies (0ms)
				RefreshPlugins (103ms)
				BeforeProcessingInitializeOnLoad (1ms)
				ProcessInitializeOnLoadAttributes (164ms)
				ProcessInitializeOnLoadMethodAttributes (53ms)
				AfterProcessingInitializeOnLoad (0ms)
				EditorAssembliesLoaded (0ms)
			ExecutionOrderSort2 (0ms)
			AwakeInstancesAfterBackupRestoration (0ms)
Platform modules already initialized, skipping
Registering precompiled user dll's ...
Registered in 0.704611 seconds.
