Using pre-set license
Built from '2021.3/staging' branch; Version is '2021.3.14f1 (eee1884e7226) revision 15655304'; Using compiler version '192829333'; Build Type 'Release'
OS: 'Windows 10  (10.0.19045) 64bit EnterpriseN' Language: 'en' Physical Memory: 32678 MB
BatchMode: 1, IsHumanControllingUs: 0, StartBugReporterOnCrash: 0, Is64bit: 1, IsPro: 1

COMMAND LINE ARGUMENTS:
C:\Program Files\Unity 2021.3.14f1\Editor\Unity.exe
-adb2
-batchMode
-noUpm
-name
AssetImportWorker746
-projectPath
S:/XR/Ex1_Tag
-logFile
Logs/AssetImportWorker746.log
-srvPort
51530
Successfully changed project path to: S:/XR/Ex1_Tag
S:/XR/Ex1_Tag
[UnityMemory] Configuration Parameters - Can be set up in boot.config
    "memorysetup-bucket-allocator-granularity=16"
    "memorysetup-bucket-allocator-bucket-count=8"
    "memorysetup-bucket-allocator-block-size=33554432"
    "memorysetup-bucket-allocator-block-count=8"
    "memorysetup-main-allocator-block-size=16777216"
    "memorysetup-thread-allocator-block-size=16777216"
    "memorysetup-gfx-main-allocator-block-size=16777216"
    "memorysetup-gfx-thread-allocator-block-size=16777216"
    "memorysetup-cache-allocator-block-size=4194304"
    "memorysetup-typetree-allocator-block-size=2097152"
    "memorysetup-profiler-bucket-allocator-granularity=16"
    "memorysetup-profiler-bucket-allocator-bucket-count=8"
    "memorysetup-profiler-bucket-allocator-block-size=33554432"
    "memorysetup-profiler-bucket-allocator-block-count=8"
    "memorysetup-profiler-allocator-block-size=16777216"
    "memorysetup-profiler-editor-allocator-block-size=1048576"
    "memorysetup-temp-allocator-size-main=16777216"
    "memorysetup-job-temp-allocator-block-size=2097152"
    "memorysetup-job-temp-allocator-block-size-background=1048576"
    "memorysetup-job-temp-allocator-reduction-small-platforms=262144"
    "memorysetup-temp-allocator-size-background-worker=32768"
    "memorysetup-temp-allocator-size-job-worker=262144"
    "memorysetup-temp-allocator-size-preload-manager=33554432"
    "memorysetup-temp-allocator-size-nav-mesh-worker=65536"
    "memorysetup-temp-allocator-size-audio-worker=65536"
    "memorysetup-temp-allocator-size-cloud-worker=32768"
    "memorysetup-temp-allocator-size-gi-baking-worker=262144"
    "memorysetup-temp-allocator-size-gfx=262144"
mdb reader table full -> cleaning up stale readers. Current readers:
    pid     thread     txnid
     13368 7a8 -
      6796 5aa4 -
     11924 5444 -
     21432 161c -
     20636 28c8 -
     16836 5064 -
      2636 5e64 -
     22392 5f6c -
     24532 58c4 -
     23920 5b48 -
     16808 5a64 -
     23100 2c24 -
      9364 55fc -
     23332 1180 -
      7804 c08 -
     21420 5c18 -
     15920 1a64 -
     22896 4cec -
     23244 5fa8 -
     24036 5d74 -
     22940 337c -
     20548 5d08 -
     23436 34ec -
      9620 3cf4 -
     24512 5098 -
     24468 4170 -
     24000 5bdc -
      2456 1398 -
     22728 55c0 -
     22932 17d8 -
       456 5b98 -
     13224 43ec -
     23892 50a4 -
      3556 5e70 -
      6372 5a2c -
      3648 585c -
     22888 484c -
     22164 5f34 -
     19604 5a48 -
     22572 d98 -
     13880 5138 -
     20680 5608 -
     22504 4d48 -
     19776 1c3c -
     12336 5d40 -
      3828 590c -
     24624 6034 -
     24664 605c -
     15868 5f0c -
     19612 1d0 -
     22784 5e3c -
     24852 6118 -
      5676 59a0 -
     11904 118c -
     25332 62f8 -
     24728 6358 -
     20944 5d94 -
     20436 637c -
     12272 1830 -
     14680 41f0 -
     25520 63a8 -
     25140 621c -
     24784 5b80 -
     25040 12e8 -
     24340 4248 -
     24756 572c -
     16404 61f0 -
      5192 62bc -
     24712 4e68 -
     25304 6028 -
     25188 dec -
     23092 6a8 -
     26432 6744 -
     24596 629c -
     25476 635c -
     25840 64f8 -
     26144 6624 -
     26072 65dc -
     24872 39ac -
     21800 503c -
     23236 4ef8 -
     25624 6420 -
     25020 6278 -
     19544 61fc -
     19880 619c -
     25620 6540 -
     25888 64b8 -
      1328 60f4 -
     23116 60cc -
     25992 6584 -
     26576 6758 -
      5200 64f4 -
     23312 5c20 -
     26548 6480 -
     25764 6130 -
     19524 5bfc -
     18620 5f04 -
     25636 65b0 -
     24224 5c14 -
     12312 6618 -
     26276 2588 -
     25828 6580 -
      7352 6248 -
     25944 42e0 -
     22420 6204 -
      3528 633c -
     15632 6040 -
     26340 6610 -
     24944 669c -
      8128 6024 -
     25672 5ee8 -
     27312 6ab4 -
     27212 6a50 -
     27252 6a78 -
     22868 468 -
     24232 6734 -
      6580 6080 -
     22244 3cfc -
      1396 c74 -
     26852 68e0 -
     15412 6aa4 -
     25240 5628 -
       700 3ac -
     25796 3ad4 9202
      5196 6afc 9202
     22672 8ec -
Cleaned out 123 stale readers
Refreshing native plugins compatible for Editor in 159.96 ms, found 3 plugins.
Preloading 0 native plugins for Editor in 0.00 ms.
Initialize engine version: 2021.3.14f1 (eee1884e7226)
[Subsystems] Discovering subsystems at path C:/Program Files/Unity 2021.3.14f1/Editor/Data/Resources/UnitySubsystems
[Subsystems] Discovering subsystems at path S:/XR/Ex1_Tag/Assets
GfxDevice: creating device client; threaded=0; jobified=0
Direct3D:
    Version:  Direct3D 11.0 [level 11.1]
    Renderer: NVIDIA GeForce GTX 1080 (ID=0x1b80)
    Vendor:   NVIDIA
    VRAM:     8079 MB
    Driver:   31.0.15.1694
Initialize mono
Mono path[0] = 'C:/Program Files/Unity 2021.3.14f1/Editor/Data/Managed'
Mono path[1] = 'C:/Program Files/Unity 2021.3.14f1/Editor/Data/MonoBleedingEdge/lib/mono/unityjit-win32'
Mono config path = 'C:/Program Files/Unity 2021.3.14f1/Editor/Data/MonoBleedingEdge/etc'
Using monoOptions --debugger-agent=transport=dt_socket,embedding=1,server=y,suspend=n,address=127.0.0.1:56200
Begin MonoManager ReloadAssembly
Registering precompiled unity dll's ...
Register platform support module: C:/Program Files/Unity 2021.3.14f1/Editor/Data/PlaybackEngines/WindowsStandaloneSupport/UnityEditor.WindowsStandalone.Extensions.dll
Registered in 0.017037 seconds.
Native extension for WindowsStandalone target not found
Refreshing native plugins compatible for Editor in 129.15 ms, found 3 plugins.
Preloading 0 native plugins for Editor in 0.00 ms.
Mono: successfully reloaded assembly
- Completed reload, in  0.985 seconds
Domain Reload Profiling:
	ReloadAssembly (985ms)
		BeginReloadAssembly (115ms)
			ExecutionOrderSort (0ms)
			DisableScriptedObjects (0ms)
			BackupInstance (0ms)
			ReleaseScriptingObjects (0ms)
			CreateAndSetChildDomain (1ms)
		EndReloadAssembly (692ms)
			LoadAssemblies (111ms)
			RebuildTransferFunctionScriptingTraits (0ms)
			SetupTypeCache (149ms)
			ReleaseScriptCaches (0ms)
			RebuildScriptCaches (36ms)
			SetupLoadedEditorAssemblies (410ms)
				LogAssemblyErrors (0ms)
				InitializePlatformSupportModulesInManaged (11ms)
				SetLoadedEditorAssemblies (0ms)
				RefreshPlugins (129ms)
				BeforeProcessingInitializeOnLoad (1ms)
				ProcessInitializeOnLoadAttributes (192ms)
				ProcessInitializeOnLoadMethodAttributes (77ms)
				AfterProcessingInitializeOnLoad (0ms)
				EditorAssembliesLoaded (0ms)
			ExecutionOrderSort2 (0ms)
			AwakeInstancesAfterBackupRestoration (0ms)
Platform modules already initialized, skipping
Registering precompiled user dll's ...
Registered in 0.151414 seconds.
