Using pre-set license
Built from '2021.3/staging' branch; Version is '2021.3.14f1 (eee1884e7226) revision 15655304'; Using compiler version '192829333'; Build Type 'Release'
OS: 'Windows 10  (10.0.19045) 64bit EnterpriseN' Language: 'en' Physical Memory: 32678 MB
BatchMode: 1, IsHumanControllingUs: 0, StartBugReporterOnCrash: 0, Is64bit: 1, IsPro: 1

COMMAND LINE ARGUMENTS:
C:\Program Files\Unity 2021.3.14f1\Editor\Unity.exe
-adb2
-batchMode
-noUpm
-name
AssetImportWorker123
-projectPath
S:/XR/Ex1_Tag
-logFile
Logs/AssetImportWorker123.log
-srvPort
51530
Successfully changed project path to: S:/XR/Ex1_Tag
S:/XR/Ex1_Tag
[UnityMemory] Configuration Parameters - Can be set up in boot.config
    "memorysetup-bucket-allocator-granularity=16"
    "memorysetup-bucket-allocator-bucket-count=8"
    "memorysetup-bucket-allocator-block-size=33554432"
    "memorysetup-bucket-allocator-block-count=8"
    "memorysetup-main-allocator-block-size=16777216"
    "memorysetup-thread-allocator-block-size=16777216"
    "memorysetup-gfx-main-allocator-block-size=16777216"
    "memorysetup-gfx-thread-allocator-block-size=16777216"
    "memorysetup-cache-allocator-block-size=4194304"
    "memorysetup-typetree-allocator-block-size=2097152"
    "memorysetup-profiler-bucket-allocator-granularity=16"
    "memorysetup-profiler-bucket-allocator-bucket-count=8"
    "memorysetup-profiler-bucket-allocator-block-size=33554432"
    "memorysetup-profiler-bucket-allocator-block-count=8"
    "memorysetup-profiler-allocator-block-size=16777216"
    "memorysetup-profiler-editor-allocator-block-size=1048576"
    "memorysetup-temp-allocator-size-main=16777216"
    "memorysetup-job-temp-allocator-block-size=2097152"
    "memorysetup-job-temp-allocator-block-size-background=1048576"
    "memorysetup-job-temp-allocator-reduction-small-platforms=262144"
    "memorysetup-temp-allocator-size-background-worker=32768"
    "memorysetup-temp-allocator-size-job-worker=262144"
    "memorysetup-temp-allocator-size-preload-manager=33554432"
    "memorysetup-temp-allocator-size-nav-mesh-worker=65536"
    "memorysetup-temp-allocator-size-audio-worker=65536"
    "memorysetup-temp-allocator-size-cloud-worker=32768"
    "memorysetup-temp-allocator-size-gi-baking-worker=262144"
    "memorysetup-temp-allocator-size-gfx=262144"
mdb reader table full -> cleaning up stale readers. Current readers:
    pid     thread     txnid
     13368 7a8 -
     18612 49b0 -
     13368 182c -
     13368 1028 -
     11500 39f0 -
      2156 4438 -
     12512 424c -
     16916 185c -
      3868 cac -
     15792 40e4 -
      6664 260c -
      9504 169c -
     18400 2b18 -
      6816 ba0 -
     19292 48ac -
     13252 598 -
     15908 109c -
     13512 3928 -
      9296 4290 -
     18996 2140 -
     17172 14f4 -
     15088 43fc -
     13612 2d48 -
     17096 3534 -
     15960 3f30 -
     19080 4a60 -
      7332 3d9c -
     19020 4a58 -
     11712 4464 -
      6044 614 -
     17680 3edc -
     15408 114c -
     17720 1f54 -
     14920 43dc -
     17576 34b4 -
     18316 d9c -
     14816 38e4 -
      7192 346c -
      8408 16d0 -
     14256 1454 -
      8840 4958 -
      6396 3738 -
     11412 85c -
      7788 35d8 -
     17552 3bf0 -
      7740 45a0 -
     19344 33e4 -
      7504 3a60 -
      5104 3d4c -
     18272 3528 -
     19376 3824 -
      1588 4b40 -
     19360 131c -
     18696 3d40 -
      3688 2024 -
     11988 244 -
      2716 4378 -
     15896 27bc -
      1160 4570 -
      6724 4b10 -
      4952 3f94 -
     11076 387c -
     17932 4ad8 -
     17716 1fd8 -
      5428 38c4 -
      6700 3f54 -
     10216 29ac -
     11016 3b48 -
     11732 3ed0 -
      4452 49fc -
     17872 26e0 -
     17308 43a8 -
     19404 4af8 -
     14276 da4 -
     10584 19f0 -
     15748 3644 -
     19044 3b1c -
     11296 1980 -
       652 1254 -
      2624 4798 -
     16336 ffc -
     19084 1f60 -
     15944 2198 -
      9948 4670 -
      3788 440c -
      5332 ed8 -
      3764 1804 -
     10452 4268 -
     10592 f50 -
      2468 43a4 -
      8640 47c8 -
     13988 524 -
      5900 3ec0 -
     13684 4620 -
     18292 29c -
     16800 4128 -
      9404 13dc -
      5440 2070 -
     10092 420 -
      7348 277c -
       900 1b60 -
     15648 49e8 -
     17484 4990 -
     18764 38d0 -
     19008 3c6c -
     10460 43e8 -
     15904 4664 -
     18980 13a0 -
      6060 3fbc -
      6716 2994 -
     14688 1f1c -
     11320 217c -
     13884 457c -
     19168 19f8 -
     12640 3724 -
     13916 2608 -
     19188 4e4 -
     17980 40a4 -
     19112 45cc -
     16976 3868 -
     14520 1bf0 -
     11132 2fdc -
     12652 4168 -
     18056 3f64 -
     13960 2530 -
     17076 4264 -
Cleaned out 122 stale readers
Refreshing native plugins compatible for Editor in 113.63 ms, found 3 plugins.
Preloading 0 native plugins for Editor in 0.00 ms.
Initialize engine version: 2021.3.14f1 (eee1884e7226)
[Subsystems] Discovering subsystems at path C:/Program Files/Unity 2021.3.14f1/Editor/Data/Resources/UnitySubsystems
[Subsystems] Discovering subsystems at path S:/XR/Ex1_Tag/Assets
GfxDevice: creating device client; threaded=0; jobified=0
Direct3D:
    Version:  Direct3D 11.0 [level 11.1]
    Renderer: NVIDIA GeForce GTX 1080 (ID=0x1b80)
    Vendor:   NVIDIA
    VRAM:     8079 MB
    Driver:   31.0.15.1694
Initialize mono
Mono path[0] = 'C:/Program Files/Unity 2021.3.14f1/Editor/Data/Managed'
Mono path[1] = 'C:/Program Files/Unity 2021.3.14f1/Editor/Data/MonoBleedingEdge/lib/mono/unityjit-win32'
Mono config path = 'C:/Program Files/Unity 2021.3.14f1/Editor/Data/MonoBleedingEdge/etc'
Using monoOptions --debugger-agent=transport=dt_socket,embedding=1,server=y,suspend=n,address=127.0.0.1:56120
Begin MonoManager ReloadAssembly
Registering precompiled unity dll's ...
Register platform support module: C:/Program Files/Unity 2021.3.14f1/Editor/Data/PlaybackEngines/WindowsStandaloneSupport/UnityEditor.WindowsStandalone.Extensions.dll
Registered in 0.013537 seconds.
Native extension for WindowsStandalone target not found
Refreshing native plugins compatible for Editor in 98.95 ms, found 3 plugins.
Preloading 0 native plugins for Editor in 0.00 ms.
Mono: successfully reloaded assembly
- Completed reload, in  0.756 seconds
Domain Reload Profiling:
	ReloadAssembly (757ms)
		BeginReloadAssembly (89ms)
			ExecutionOrderSort (0ms)
			DisableScriptedObjects (0ms)
			BackupInstance (0ms)
			ReleaseScriptingObjects (0ms)
			CreateAndSetChildDomain (1ms)
		EndReloadAssembly (538ms)
			LoadAssemblies (86ms)
			RebuildTransferFunctionScriptingTraits (0ms)
			SetupTypeCache (116ms)
			ReleaseScriptCaches (0ms)
			RebuildScriptCaches (32ms)
			SetupLoadedEditorAssemblies (323ms)
				LogAssemblyErrors (0ms)
				InitializePlatformSupportModulesInManaged (9ms)
				SetLoadedEditorAssemblies (0ms)
				RefreshPlugins (99ms)
				BeforeProcessingInitializeOnLoad (1ms)
				ProcessInitializeOnLoadAttributes (158ms)
				ProcessInitializeOnLoadMethodAttributes (55ms)
				AfterProcessingInitializeOnLoad (0ms)
				EditorAssembliesLoaded (0ms)
			ExecutionOrderSort2 (0ms)
			AwakeInstancesAfterBackupRestoration (0ms)
Platform modules already initialized, skipping
Registering precompiled user dll's ...
Registered in 0.017296 seconds.
