Using pre-set license
Built from '2021.3/staging' branch; Version is '2021.3.14f1 (eee1884e7226) revision 15655304'; Using compiler version '192829333'; Build Type 'Release'
OS: 'Windows 10  (10.0.19045) 64bit EnterpriseN' Language: 'en' Physical Memory: 32678 MB
BatchMode: 1, IsHumanControllingUs: 0, StartBugReporterOnCrash: 0, Is64bit: 1, IsPro: 1

COMMAND LINE ARGUMENTS:
C:\Program Files\Unity 2021.3.14f1\Editor\Unity.exe
-adb2
-batchMode
-noUpm
-name
AssetImportWorker497
-projectPath
S:/XR/Ex1_Tag
-logFile
Logs/AssetImportWorker497.log
-srvPort
51530
Successfully changed project path to: S:/XR/Ex1_Tag
S:/XR/Ex1_Tag
[UnityMemory] Configuration Parameters - Can be set up in boot.config
    "memorysetup-bucket-allocator-granularity=16"
    "memorysetup-bucket-allocator-bucket-count=8"
    "memorysetup-bucket-allocator-block-size=33554432"
    "memorysetup-bucket-allocator-block-count=8"
    "memorysetup-main-allocator-block-size=16777216"
    "memorysetup-thread-allocator-block-size=16777216"
    "memorysetup-gfx-main-allocator-block-size=16777216"
    "memorysetup-gfx-thread-allocator-block-size=16777216"
    "memorysetup-cache-allocator-block-size=4194304"
    "memorysetup-typetree-allocator-block-size=2097152"
    "memorysetup-profiler-bucket-allocator-granularity=16"
    "memorysetup-profiler-bucket-allocator-bucket-count=8"
    "memorysetup-profiler-bucket-allocator-block-size=33554432"
    "memorysetup-profiler-bucket-allocator-block-count=8"
    "memorysetup-profiler-allocator-block-size=16777216"
    "memorysetup-profiler-editor-allocator-block-size=1048576"
    "memorysetup-temp-allocator-size-main=16777216"
    "memorysetup-job-temp-allocator-block-size=2097152"
    "memorysetup-job-temp-allocator-block-size-background=1048576"
    "memorysetup-job-temp-allocator-reduction-small-platforms=262144"
    "memorysetup-temp-allocator-size-background-worker=32768"
    "memorysetup-temp-allocator-size-job-worker=262144"
    "memorysetup-temp-allocator-size-preload-manager=33554432"
    "memorysetup-temp-allocator-size-nav-mesh-worker=65536"
    "memorysetup-temp-allocator-size-audio-worker=65536"
    "memorysetup-temp-allocator-size-cloud-worker=32768"
    "memorysetup-temp-allocator-size-gi-baking-worker=262144"
    "memorysetup-temp-allocator-size-gfx=262144"
mdb reader table full -> cleaning up stale readers. Current readers:
    pid     thread     txnid
     13368 7a8 -
     18724 48e0 -
     21600 28d8 -
      5852 5108 -
      9292 401c -
     14924 f58 -
     21992 574c -
      1672 51f0 -
      9312 3104 -
       524 23b0 -
      2016 b2c -
     20932 5328 -
     21512 5560 -
     18772 4d34 -
     17772 53d4 -
     21964 4df8 -
      3772 5718 -
     17704 144 -
      1480 50f8 -
     20488 5298 -
      1072 794 -
     21980 1434 -
     22476 3bc -
     21012 1394 -
     19840 3180 -
     19980 3968 -
     10084 50f4 -
     22036 57c8 -
     21568 57ac -
     13856 2cf4 -
     16408 4964 -
      7180 3478 -
      9588 3f50 -
      5164 4780 -
      3164 1920 -
     14232 4a2c -
     18052 3be4 -
     22000 5424 -
     22324 3bfc -
     21888 4da4 -
     22092 558c -
     13680 5450 -
     15592 3ad0 -
     11976 458c -
     14808 2134 -
     21656 1b7c -
      1700 3afc -
     21620 2894 -
     19688 4d30 -
     14916 2630 -
     12404 4038 -
      8012 4cd8 -
     21520 4e00 -
     22264 ee8 -
     11492 4380 -
     21140 518c -
      1732 3e54 -
     15856 5610 -
     16776 4e9c -
     13128 57c0 -
     13136 16e4 -
     20924 43bc -
     10060 1ec -
     18504 515c -
     22196 28bc -
     20664 57d8 -
     17380 45dc -
     21360 552c -
     11992 525c -
     21704 3eb4 -
     13320 d3c -
     19468 20 -
     11348 5068 -
     13324 50c0 -
     19508 4ba4 -
     21612 2788 -
      4184 1d04 -
     17760 124 -
     16444 3c48 -
     20696 54b0 -
      9472 3e7c -
     20152 2040 -
      3604 5464 -
     20736 378 -
     21872 4d10 -
     11256 2744 -
      5640 3970 -
     17844 1e60 -
     16084 1bfc -
     20156 2fcc -
      8872 5384 -
     17496 3b30 -
     13744 5090 -
     19480 5174 -
       588 24a4 -
     20128 4c20 -
     19676 55e0 -
      4936 3ba8 -
     18352 5500 -
     21348 50a0 -
     20140 50dc -
     20788 4ddc -
     22360 4dc0 -
     14724 577c -
      5756 ac -
     12452 4cac -
      9252 1f2c -
     21064 4154 -
     20276 4db8 -
      2488 5250 -
     21316 43c0 -
      5252 880 -
      8016 4fe8 -
     20412 472c -
      1092 1e5c -
     22376 1eac -
     21752 5558 -
     13424 ed0 -
     20772 4fb0 -
     17192 37e4 -
      2376 33d8 -
     20040 4ae8 -
      7432 118 -
     12468 5780 -
     20796 544c -
     19732 56ac -
Cleaned out 124 stale readers
Refreshing native plugins compatible for Editor in 308.58 ms, found 3 plugins.
Preloading 0 native plugins for Editor in 0.00 ms.
Initialize engine version: 2021.3.14f1 (eee1884e7226)
[Subsystems] Discovering subsystems at path C:/Program Files/Unity 2021.3.14f1/Editor/Data/Resources/UnitySubsystems
[Subsystems] Discovering subsystems at path S:/XR/Ex1_Tag/Assets
GfxDevice: creating device client; threaded=0; jobified=0
Direct3D:
    Version:  Direct3D 11.0 [level 11.1]
    Renderer: NVIDIA GeForce GTX 1080 (ID=0x1b80)
    Vendor:   NVIDIA
    VRAM:     8079 MB
    Driver:   31.0.15.1694
Initialize mono
Mono path[0] = 'C:/Program Files/Unity 2021.3.14f1/Editor/Data/Managed'
Mono path[1] = 'C:/Program Files/Unity 2021.3.14f1/Editor/Data/MonoBleedingEdge/lib/mono/unityjit-win32'
Mono config path = 'C:/Program Files/Unity 2021.3.14f1/Editor/Data/MonoBleedingEdge/etc'
Using monoOptions --debugger-agent=transport=dt_socket,embedding=1,server=y,suspend=n,address=127.0.0.1:56636
Begin MonoManager ReloadAssembly
Registering precompiled unity dll's ...
Register platform support module: C:/Program Files/Unity 2021.3.14f1/Editor/Data/PlaybackEngines/WindowsStandaloneSupport/UnityEditor.WindowsStandalone.Extensions.dll
Registered in 0.006776 seconds.
Native extension for WindowsStandalone target not found
Refreshing native plugins compatible for Editor in 96.32 ms, found 3 plugins.
Preloading 0 native plugins for Editor in 0.00 ms.
Mono: successfully reloaded assembly
- Completed reload, in  0.732 seconds
Domain Reload Profiling:
	ReloadAssembly (733ms)
		BeginReloadAssembly (95ms)
			ExecutionOrderSort (0ms)
			DisableScriptedObjects (0ms)
			BackupInstance (0ms)
			ReleaseScriptingObjects (0ms)
			CreateAndSetChildDomain (1ms)
		EndReloadAssembly (519ms)
			LoadAssemblies (93ms)
			RebuildTransferFunctionScriptingTraits (0ms)
			SetupTypeCache (114ms)
			ReleaseScriptCaches (0ms)
			RebuildScriptCaches (30ms)
			SetupLoadedEditorAssemblies (317ms)
				LogAssemblyErrors (0ms)
				InitializePlatformSupportModulesInManaged (8ms)
				SetLoadedEditorAssemblies (0ms)
				RefreshPlugins (96ms)
				BeforeProcessingInitializeOnLoad (1ms)
				ProcessInitializeOnLoadAttributes (158ms)
				ProcessInitializeOnLoadMethodAttributes (53ms)
				AfterProcessingInitializeOnLoad (0ms)
				EditorAssembliesLoaded (0ms)
			ExecutionOrderSort2 (0ms)
			AwakeInstancesAfterBackupRestoration (0ms)
Platform modules already initialized, skipping
Registering precompiled user dll's ...
Registered in 1.516610 seconds.
